Error: Ooops.!
    at Timeout.setInterval [as _onTimeout] (D:\Lenguajes de programacion\Node.js\PLATZI\node-backend-semi_avanzado\utilidades-debugging\console-class.js:12:22)
    at ontimeout (timers.js:436:11)
    at tryOnTimeout (timers.js:300:5)
    at listOnTimeout (timers.js:263:5)
    at Timer.processTimers (timers.js:223:10)
Error: Ooops.!
    at Timeout.setInterval [as _onTimeout] (D:\Lenguajes de programacion\Node.js\PLATZI\node-backend-semi_avanzado\utilidades-debugging\console-class.js:12:22)
    at ontimeout (timers.js:436:11)
    at tryOnTimeout (timers.js:300:5)
    at listOnTimeout (timers.js:263:5)
    at Timer.processTimers (timers.js:223:10)
Error: Ooops.!
    at Timeout.setInterval [as _onTimeout] (D:\Lenguajes de programacion\Node.js\PLATZI\node-backend-semi_avanzado\utilidades-debugging\console-class.js:12:22)
    at ontimeout (timers.js:436:11)
    at tryOnTimeout (timers.js:300:5)
    at listOnTimeout (timers.js:263:5)
    at Timer.processTimers (timers.js:223:10)
Error: Ooops.!
    at Timeout.setInterval [as _onTimeout] (D:\Lenguajes de programacion\Node.js\PLATZI\node-backend-semi_avanzado\utilidades-debugging\console-class.js:12:22)
    at ontimeout (timers.js:436:11)
    at tryOnTimeout (timers.js:300:5)
    at listOnTimeout (timers.js:263:5)
    at Timer.processTimers (timers.js:223:10)
Error: Ooops.!
    at Timeout.setInterval [as _onTimeout] (D:\Lenguajes de programacion\Node.js\PLATZI\node-backend-semi_avanzado\utilidades-debugging\console-class.js:12:22)
    at ontimeout (timers.js:436:11)
    at tryOnTimeout (timers.js:300:5)
    at listOnTimeout (timers.js:263:5)
    at Timer.processTimers (timers.js:223:10)
Error: Ooops.!
    at Timeout.setInterval [as _onTimeout] (D:\Lenguajes de programacion\Node.js\PLATZI\node-backend-semi_avanzado\utilidades-debugging\console-class.js:12:22)
    at ontimeout (timers.js:436:11)
    at tryOnTimeout (timers.js:300:5)
    at listOnTimeout (timers.js:263:5)
    at Timer.processTimers (timers.js:223:10)
Error: Ooops.!
    at Timeout.setInterval [as _onTimeout] (D:\Lenguajes de programacion\Node.js\PLATZI\node-backend-semi_avanzado\utilidades-debugging\console-class.js:12:22)
    at ontimeout (timers.js:436:11)
    at tryOnTimeout (timers.js:300:5)
    at listOnTimeout (timers.js:263:5)
    at Timer.processTimers (timers.js:223:10)
Error: Ooops.!
    at Timeout.setInterval [as _onTimeout] (D:\Lenguajes de programacion\Node.js\PLATZI\node-backend-semi_avanzado\utilidades-debugging\console-class.js:12:22)
    at ontimeout (timers.js:436:11)
    at tryOnTimeout (timers.js:300:5)
    at listOnTimeout (timers.js:263:5)
    at Timer.processTimers (timers.js:223:10)
Error: Ooops.!
    at Timeout.setInterval [as _onTimeout] (D:\Lenguajes de programacion\Node.js\PLATZI\node-backend-semi_avanzado\utilidades-debugging\console-class.js:12:22)
    at ontimeout (timers.js:436:11)
    at tryOnTimeout (timers.js:300:5)
    at listOnTimeout (timers.js:263:5)
    at Timer.processTimers (timers.js:223:10)
Error: Ooops.!
    at Timeout.setInterval [as _onTimeout] (D:\Lenguajes de programacion\Node.js\PLATZI\node-backend-semi_avanzado\utilidades-debugging\console-class.js:12:22)
    at ontimeout (timers.js:436:11)
    at tryOnTimeout (timers.js:300:5)
    at listOnTimeout (timers.js:263:5)
    at Timer.processTimers (timers.js:223:10)
Error: Ooops.!
    at Timeout.setInterval [as _onTimeout] (D:\Lenguajes de programacion\Node.js\PLATZI\node-backend-semi_avanzado\utilidades-debugging\console-class.js:12:22)
    at ontimeout (timers.js:436:11)
    at tryOnTimeout (timers.js:300:5)
    at listOnTimeout (timers.js:263:5)
    at Timer.processTimers (timers.js:223:10)
Error: Ooops.!
    at Timeout.setInterval [as _onTimeout] (D:\Lenguajes de programacion\Node.js\PLATZI\node-backend-semi_avanzado\utilidades-debugging\console-class.js:12:22)
    at ontimeout (timers.js:436:11)
    at tryOnTimeout (timers.js:300:5)
    at listOnTimeout (timers.js:263:5)
    at Timer.processTimers (timers.js:223:10)
Error: Ooops.!
    at Timeout.setInterval [as _onTimeout] (D:\Lenguajes de programacion\Node.js\PLATZI\node-backend-semi_avanzado\utilidades-debugging\console-class.js:12:22)
    at ontimeout (timers.js:436:11)
    at tryOnTimeout (timers.js:300:5)
    at listOnTimeout (timers.js:263:5)
    at Timer.processTimers (timers.js:223:10)
Error: Ooops.!
    at Timeout.setInterval [as _onTimeout] (D:\Lenguajes de programacion\Node.js\PLATZI\node-backend-semi_avanzado\utilidades-debugging\console-class.js:12:22)
    at ontimeout (timers.js:436:11)
    at tryOnTimeout (timers.js:300:5)
    at listOnTimeout (timers.js:263:5)
    at Timer.processTimers (timers.js:223:10)
Error: Ooops.!
    at Timeout.setInterval [as _onTimeout] (D:\Lenguajes de programacion\Node.js\PLATZI\node-backend-semi_avanzado\utilidades-debugging\console-class.js:12:22)
    at ontimeout (timers.js:436:11)
    at tryOnTimeout (timers.js:300:5)
    at listOnTimeout (timers.js:263:5)
    at Timer.processTimers (timers.js:223:10)
Error: Ooops.!
    at Timeout.setInterval [as _onTimeout] (D:\Lenguajes de programacion\Node.js\PLATZI\node-backend-semi_avanzado\utilidades-debugging\console-class.js:12:22)
    at ontimeout (timers.js:436:11)
    at tryOnTimeout (timers.js:300:5)
    at listOnTimeout (timers.js:263:5)
    at Timer.processTimers (timers.js:223:10)
Error: Ooops.!
    at Timeout.setInterval [as _onTimeout] (D:\Lenguajes de programacion\Node.js\PLATZI\node-backend-semi_avanzado\utilidades-debugging\console-class.js:12:22)
    at ontimeout (timers.js:436:11)
    at tryOnTimeout (timers.js:300:5)
    at listOnTimeout (timers.js:263:5)
    at Timer.processTimers (timers.js:223:10)
Error: Ooops.!
    at Timeout.setInterval [as _onTimeout] (D:\Lenguajes de programacion\Node.js\PLATZI\node-backend-semi_avanzado\utilidades-debugging\console-class.js:12:22)
    at ontimeout (timers.js:436:11)
    at tryOnTimeout (timers.js:300:5)
    at listOnTimeout (timers.js:263:5)
    at Timer.processTimers (timers.js:223:10)
Error: Ooops.!
    at Timeout.setInterval [as _onTimeout] (D:\Lenguajes de programacion\Node.js\PLATZI\node-backend-semi_avanzado\utilidades-debugging\console-class.js:12:22)
    at ontimeout (timers.js:436:11)
    at tryOnTimeout (timers.js:300:5)
    at listOnTimeout (timers.js:263:5)
    at Timer.processTimers (timers.js:223:10)
Error: Ooops.!
    at Timeout.setInterval [as _onTimeout] (D:\Lenguajes de programacion\Node.js\PLATZI\node-backend-semi_avanzado\utilidades-debugging\console-class.js:12:22)
    at ontimeout (timers.js:436:11)
    at tryOnTimeout (timers.js:300:5)
    at listOnTimeout (timers.js:263:5)
    at Timer.processTimers (timers.js:223:10)
Error: Ooops.!
    at Timeout.setInterval [as _onTimeout] (D:\Lenguajes de programacion\Node.js\PLATZI\node-backend-semi_avanzado\utilidades-debugging\console-class.js:12:22)
    at ontimeout (timers.js:436:11)
    at tryOnTimeout (timers.js:300:5)
    at listOnTimeout (timers.js:263:5)
    at Timer.processTimers (timers.js:223:10)
Error: Ooops.!
    at Timeout.setInterval [as _onTimeout] (D:\Lenguajes de programacion\Node.js\PLATZI\node-backend-semi_avanzado\utilidades-debugging\console-class.js:12:22)
    at ontimeout (timers.js:436:11)
    at tryOnTimeout (timers.js:300:5)
    at listOnTimeout (timers.js:263:5)
    at Timer.processTimers (timers.js:223:10)
Error: Ooops.!
    at Timeout.setInterval [as _onTimeout] (D:\Lenguajes de programacion\Node.js\PLATZI\node-backend-semi_avanzado\utilidades-debugging\console-class.js:12:22)
    at ontimeout (timers.js:436:11)
    at tryOnTimeout (timers.js:300:5)
    at listOnTimeout (timers.js:263:5)
    at Timer.processTimers (timers.js:223:10)
Error: Ooops.!
    at Timeout.setInterval [as _onTimeout] (D:\Lenguajes de programacion\Node.js\PLATZI\node-backend-semi_avanzado\utilidades-debugging\console-class.js:12:22)
    at ontimeout (timers.js:436:11)
    at tryOnTimeout (timers.js:300:5)
    at listOnTimeout (timers.js:263:5)
    at Timer.processTimers (timers.js:223:10)
Error: Ooops.!
    at Timeout.setInterval [as _onTimeout] (D:\Lenguajes de programacion\Node.js\PLATZI\node-backend-semi_avanzado\utilidades-debugging\console-class.js:12:22)
    at ontimeout (timers.js:436:11)
    at tryOnTimeout (timers.js:300:5)
    at listOnTimeout (timers.js:263:5)
    at Timer.processTimers (timers.js:223:10)
Error: Ooops.!
    at Timeout.setInterval [as _onTimeout] (D:\Lenguajes de programacion\Node.js\PLATZI\node-backend-semi_avanzado\utilidades-debugging\console-class.js:12:22)
    at ontimeout (timers.js:436:11)
    at tryOnTimeout (timers.js:300:5)
    at listOnTimeout (timers.js:263:5)
    at Timer.processTimers (timers.js:223:10)
Error: Ooops.!
    at Timeout.setInterval [as _onTimeout] (D:\Lenguajes de programacion\Node.js\PLATZI\node-backend-semi_avanzado\utilidades-debugging\console-class.js:12:22)
    at ontimeout (timers.js:436:11)
    at tryOnTimeout (timers.js:300:5)
    at listOnTimeout (timers.js:263:5)
    at Timer.processTimers (timers.js:223:10)
Error: Ooops.!
    at Timeout.setInterval [as _onTimeout] (D:\Lenguajes de programacion\Node.js\PLATZI\node-backend-semi_avanzado\utilidades-debugging\console-class.js:12:22)
    at ontimeout (timers.js:436:11)
    at tryOnTimeout (timers.js:300:5)
    at listOnTimeout (timers.js:263:5)
    at Timer.processTimers (timers.js:223:10)
Error: Ooops.!
    at Timeout.setInterval [as _onTimeout] (D:\Lenguajes de programacion\Node.js\PLATZI\node-backend-semi_avanzado\utilidades-debugging\console-class.js:12:22)
    at ontimeout (timers.js:436:11)
    at tryOnTimeout (timers.js:300:5)
    at listOnTimeout (timers.js:263:5)
    at Timer.processTimers (timers.js:223:10)
Error: Ooops.!
    at Timeout.setInterval [as _onTimeout] (D:\Lenguajes de programacion\Node.js\PLATZI\node-backend-semi_avanzado\utilidades-debugging\console-class.js:12:22)
    at ontimeout (timers.js:436:11)
    at tryOnTimeout (timers.js:300:5)
    at listOnTimeout (timers.js:263:5)
    at Timer.processTimers (timers.js:223:10)
Error: Ooops.!
    at Timeout.setInterval [as _onTimeout] (D:\Lenguajes de programacion\Node.js\PLATZI\node-backend-semi_avanzado\utilidades-debugging\console-class.js:12:22)
    at ontimeout (timers.js:436:11)
    at tryOnTimeout (timers.js:300:5)
    at listOnTimeout (timers.js:263:5)
    at Timer.processTimers (timers.js:223:10)
Error: Ooops.!
    at Timeout.setInterval [as _onTimeout] (D:\Lenguajes de programacion\Node.js\PLATZI\node-backend-semi_avanzado\utilidades-debugging\console-class.js:12:22)
    at ontimeout (timers.js:436:11)
    at tryOnTimeout (timers.js:300:5)
    at listOnTimeout (timers.js:263:5)
    at Timer.processTimers (timers.js:223:10)
Error: Ooops.!
    at Timeout.setInterval [as _onTimeout] (D:\Lenguajes de programacion\Node.js\PLATZI\node-backend-semi_avanzado\utilidades-debugging\console-class.js:12:22)
    at ontimeout (timers.js:436:11)
    at tryOnTimeout (timers.js:300:5)
    at listOnTimeout (timers.js:263:5)
    at Timer.processTimers (timers.js:223:10)
Error: Ooops.!
    at Timeout.setInterval [as _onTimeout] (D:\Lenguajes de programacion\Node.js\PLATZI\node-backend-semi_avanzado\utilidades-debugging\console-class.js:12:22)
    at ontimeout (timers.js:436:11)
    at tryOnTimeout (timers.js:300:5)
    at listOnTimeout (timers.js:263:5)
    at Timer.processTimers (timers.js:223:10)
Error: Ooops.!
    at Timeout.setInterval [as _onTimeout] (D:\Lenguajes de programacion\Node.js\PLATZI\node-backend-semi_avanzado\utilidades-debugging\console-class.js:12:22)
    at ontimeout (timers.js:436:11)
    at tryOnTimeout (timers.js:300:5)
    at listOnTimeout (timers.js:263:5)
    at Timer.processTimers (timers.js:223:10)
Error: Ooops.!
    at Timeout.setInterval [as _onTimeout] (D:\Lenguajes de programacion\Node.js\PLATZI\node-backend-semi_avanzado\utilidades-debugging\console-class.js:12:22)
    at ontimeout (timers.js:436:11)
    at tryOnTimeout (timers.js:300:5)
    at listOnTimeout (timers.js:263:5)
    at Timer.processTimers (timers.js:223:10)
Error: Ooops.!
    at Timeout.setInterval [as _onTimeout] (D:\Lenguajes de programacion\Node.js\PLATZI\node-backend-semi_avanzado\utilidades-debugging\console-class.js:12:22)
    at ontimeout (timers.js:436:11)
    at tryOnTimeout (timers.js:300:5)
    at listOnTimeout (timers.js:263:5)
    at Timer.processTimers (timers.js:223:10)
Error: Ooops.!
    at Timeout.setInterval [as _onTimeout] (D:\Lenguajes de programacion\Node.js\PLATZI\node-backend-semi_avanzado\utilidades-debugging\console-class.js:12:22)
    at ontimeout (timers.js:436:11)
    at tryOnTimeout (timers.js:300:5)
    at listOnTimeout (timers.js:263:5)
    at Timer.processTimers (timers.js:223:10)
Error: Ooops.!
    at Timeout.setInterval [as _onTimeout] (D:\Lenguajes de programacion\Node.js\PLATZI\node-backend-semi_avanzado\utilidades-debugging\console-class.js:12:22)
    at ontimeout (timers.js:436:11)
    at tryOnTimeout (timers.js:300:5)
    at listOnTimeout (timers.js:263:5)
    at Timer.processTimers (timers.js:223:10)
Error: Ooops.!
    at Timeout.setInterval [as _onTimeout] (D:\Lenguajes de programacion\Node.js\PLATZI\node-backend-semi_avanzado\utilidades-debugging\console-class.js:12:22)
    at ontimeout (timers.js:436:11)
    at tryOnTimeout (timers.js:300:5)
    at listOnTimeout (timers.js:263:5)
    at Timer.processTimers (timers.js:223:10)
Error: Ooops.!
    at Timeout.setInterval [as _onTimeout] (D:\Lenguajes de programacion\Node.js\PLATZI\node-backend-semi_avanzado\utilidades-debugging\console-class.js:12:22)
    at ontimeout (timers.js:436:11)
    at tryOnTimeout (timers.js:300:5)
    at listOnTimeout (timers.js:263:5)
    at Timer.processTimers (timers.js:223:10)
Error: Ooops.!
    at Timeout.setInterval [as _onTimeout] (D:\Lenguajes de programacion\Node.js\PLATZI\node-backend-semi_avanzado\utilidades-debugging\console-class.js:12:22)
    at ontimeout (timers.js:436:11)
    at tryOnTimeout (timers.js:300:5)
    at listOnTimeout (timers.js:263:5)
    at Timer.processTimers (timers.js:223:10)
Error: Ooops.!
    at Timeout.setInterval [as _onTimeout] (D:\Lenguajes de programacion\Node.js\PLATZI\node-backend-semi_avanzado\utilidades-debugging\console-class.js:12:22)
    at ontimeout (timers.js:436:11)
    at tryOnTimeout (timers.js:300:5)
    at listOnTimeout (timers.js:263:5)
    at Timer.processTimers (timers.js:223:10)
Error: Ooops.!
    at Timeout.setInterval [as _onTimeout] (D:\Lenguajes de programacion\Node.js\PLATZI\node-backend-semi_avanzado\utilidades-debugging\console-class.js:12:22)
    at ontimeout (timers.js:436:11)
    at tryOnTimeout (timers.js:300:5)
    at listOnTimeout (timers.js:263:5)
    at Timer.processTimers (timers.js:223:10)
Error: Ooops.!
    at Timeout.setInterval [as _onTimeout] (D:\Lenguajes de programacion\Node.js\PLATZI\node-backend-semi_avanzado\utilidades-debugging\console-class.js:12:22)
    at ontimeout (timers.js:436:11)
    at tryOnTimeout (timers.js:300:5)
    at listOnTimeout (timers.js:263:5)
    at Timer.processTimers (timers.js:223:10)
Error: Ooops.!
    at Timeout.setInterval [as _onTimeout] (D:\Lenguajes de programacion\Node.js\PLATZI\node-backend-semi_avanzado\utilidades-debugging\console-class.js:12:22)
    at ontimeout (timers.js:436:11)
    at tryOnTimeout (timers.js:300:5)
    at listOnTimeout (timers.js:263:5)
    at Timer.processTimers (timers.js:223:10)
Error: Ooops.!
    at Timeout.setInterval [as _onTimeout] (D:\Lenguajes de programacion\Node.js\PLATZI\node-backend-semi_avanzado\utilidades-debugging\console-class.js:12:22)
    at ontimeout (timers.js:436:11)
    at tryOnTimeout (timers.js:300:5)
    at listOnTimeout (timers.js:263:5)
    at Timer.processTimers (timers.js:223:10)
Error: Ooops.!
    at Timeout.setInterval [as _onTimeout] (D:\Lenguajes de programacion\Node.js\PLATZI\node-backend-semi_avanzado\utilidades-debugging\console-class.js:12:22)
    at ontimeout (timers.js:436:11)
    at tryOnTimeout (timers.js:300:5)
    at listOnTimeout (timers.js:263:5)
    at Timer.processTimers (timers.js:223:10)
